<?xml version="1.0" encoding="UTF-8"?>
<!-- Generated by org.testng.reporters.JUnitXMLReporter -->
<testsuite ignored="0" hostname="MacA2251.fritz.box" failures="0" tests="7" name="Smoky" time="34.718" errors="0" timestamp="2024-04-21T00:21:04 CEST">
  <testcase classname="com.heroku.tests.AlertsTests" name="alertWithOkTest" time="0.103"/>
  <testcase classname="com.heroku.tests.AlertsTests" name="alertWithPromptTest" time="0.179"/>
  <testcase classname="com.heroku.tests.AlertsTests" name="alertWithSelectTest" time="0.125"/>
  <testcase classname="com.heroku.tests.CheckboxesTest" name="testCheckboxes" time="1.195"/>
  <testcase classname="com.heroku.tests.DropdownTests" name="selectOptionTest" time="1.709"/>
  <testcase classname="com.heroku.tests.NewWindowTest" name="newWindowTest" time="0.282"/>
  <testcase classname="com.heroku.tests.UploadFileTests" name="uploadFileTest" time="1.051"/>
</testsuite> <!-- Smoky -->
