<?xml version="1.0" encoding="UTF-8"?>
<testsuite xmlns:xsi="http://www.w3.org/2001/XMLSchema-instance" xsi:noNamespaceSchemaLocation="https://maven.apache.org/surefire/maven-surefire-plugin/xsd/surefire-test-report.xsd" name="TestSuite" time="35.227" tests="7" errors="0" skipped="0" failures="0">
  <properties>
[...]
</properties>
  <testcase name="alertWithOkTest" classname="com.heroku.tests.AlertsTests" time="0.105"/>
  <testcase name="alertWithPromptTest" classname="com.heroku.tests.AlertsTests" time="0.179"/>
  <testcase name="alertWithSelectTest" classname="com.heroku.tests.AlertsTests" time="0.126"/>
  <testcase name="testCheckboxes" classname="com.heroku.tests.CheckboxesTest" time="1.196"/>
  <testcase name="selectOptionTest" classname="com.heroku.tests.DropdownTests" time="1.71"/>
  <testcase name="newWindowTest" classname="com.heroku.tests.NewWindowTest" time="0.282"/>
  <testcase name="uploadFileTest" classname="com.heroku.tests.UploadFileTests" time="1.051"/>
</testsuite>